TN:
SF:src/components/auth/LogoutButton.jsx
FN:5,(anonymous_0)
FN:7,(anonymous_1)
FNF:2
FNH:2
FNDA:19,(anonymous_0)
FNDA:3,(anonymous_1)
DA:5,3
DA:7,19
DA:8,3
DA:10,3
DA:11,1
DA:12,1
DA:13,1
DA:16,2
DA:18,2
DA:19,1
DA:22,2
DA:25,19
LF:12
LH:12
BRDA:10,0,0,1
BRDA:10,0,1,2
BRDA:18,1,0,1
BRDA:18,1,1,1
BRF:4
BRH:4
end_of_record
TN:
SF:src/components/auth/ProtectedRoute.jsx
FN:5,(anonymous_0)
FN:9,(anonymous_1)
FN:10,(anonymous_2)
FN:18,(anonymous_3)
FN:22,(anonymous_4)
FNF:5
FNH:4
FNDA:5,(anonymous_0)
FNDA:3,(anonymous_1)
FNDA:3,(anonymous_2)
FNDA:0,(anonymous_3)
FNDA:3,(anonymous_4)
DA:5,1
DA:6,5
DA:7,5
DA:9,5
DA:10,3
DA:11,3
DA:12,2
DA:13,2
DA:15,3
DA:18,3
DA:19,0
DA:22,3
DA:23,3
DA:27,5
DA:28,3
DA:30,2
LF:16
LH:15
BRDA:27,0,0,3
BRDA:27,0,1,2
BRDA:30,1,0,0
BRDA:30,1,1,2
BRF:4
BRH:3
end_of_record
TN:
SF:src/components/game/Food.jsx
FN:3,Food
FNF:1
FNH:1
FNDA:1,Food
DA:4,1
LF:1
LH:1
BRF:0
BRH:0
end_of_record
TN:
SF:src/components/game/Player.jsx
FN:3,Player
FN:12,(anonymous_1)
FNF:2
FNH:2
FNDA:10,Player
FNDA:1,(anonymous_1)
DA:4,10
DA:6,10
DA:12,1
LF:3
LH:3
BRDA:3,0,0,2
BRDA:3,1,0,3
BRF:2
BRH:2
end_of_record
TN:
SF:src/components/game/Power.jsx
FN:3,Power
FNF:1
FNH:1
FNDA:1,Power
DA:5,1
LF:1
LH:1
BRF:0
BRH:0
end_of_record
TN:
SF:src/components/game/PowerNotification.jsx
FN:4,PowerNotification
FNF:1
FNH:1
FNDA:2,PowerNotification
DA:5,2
LF:1
LH:1
BRDA:6,0,0,1
BRDA:6,0,1,1
BRF:2
BRH:2
end_of_record
TN:
SF:src/components/game/Tile.jsx
FN:4,Tile
FNF:1
FNH:1
FNDA:1,Tile
DA:5,1
LF:1
LH:1
BRDA:4,0,0,1
BRF:1
BRH:1
end_of_record
TN:
SF:src/components/game/Timer.jsx
FN:4,Timer
FN:10,(anonymous_1)
FN:20,(anonymous_2)
FN:31,(anonymous_3)
FN:32,(anonymous_4)
FN:46,(anonymous_5)
FN:55,(anonymous_6)
FNF:7
FNH:7
FNDA:15,Timer
FNDA:6,(anonymous_1)
FNDA:15,(anonymous_2)
FNDA:63,(anonymous_3)
FNDA:63,(anonymous_4)
FNDA:7,(anonymous_5)
FNDA:15,(anonymous_6)
DA:5,15
DA:6,15
DA:7,15
DA:10,15
DA:11,6
DA:12,6
DA:13,6
DA:14,6
DA:15,6
DA:20,15
DA:22,15
DA:23,0
DA:24,0
DA:27,15
DA:28,8
DA:31,7
DA:32,63
DA:33,63
DA:34,1
DA:35,1
DA:36,1
DA:39,1
DA:41,62
DA:46,7
DA:47,7
DA:48,7
DA:49,7
DA:50,7
DA:55,15
DA:56,15
DA:57,15
DA:58,15
DA:61,15
LF:33
LH:31
BRDA:4,0,0,2
BRDA:11,1,0,6
BRDA:11,1,1,0
BRDA:11,2,0,6
BRDA:11,2,1,6
BRDA:22,3,0,0
BRDA:22,3,1,15
BRDA:27,4,0,8
BRDA:27,4,1,7
BRDA:27,5,0,15
BRDA:27,5,1,13
BRDA:33,6,0,1
BRDA:33,6,1,62
BRDA:34,7,0,1
BRDA:34,7,1,0
BRDA:47,8,0,7
BRDA:47,8,1,0
BRDA:58,9,0,14
BRDA:58,9,1,1
BRF:19
BRH:15
end_of_record
TN:
SF:src/components/manage/JoinGame.jsx
FN:7,JoinGame
FN:15,(anonymous_1)
FN:46,(anonymous_2)
FN:68,(anonymous_3)
FNF:4
FNH:4
FNDA:10,JoinGame
FNDA:2,(anonymous_1)
FNDA:2,(anonymous_2)
FNDA:2,(anonymous_3)
DA:8,10
DA:9,10
DA:10,10
DA:11,10
DA:15,10
DA:16,2
DA:17,2
DA:18,2
DA:19,2
DA:20,2
DA:22,1
DA:23,1
DA:24,1
DA:25,1
DA:27,0
DA:28,0
DA:33,1
DA:34,1
DA:36,1
DA:37,1
DA:39,0
DA:40,0
DA:42,2
DA:46,10
DA:47,2
DA:48,2
DA:49,2
DA:50,0
DA:51,0
DA:54,2
DA:55,2
DA:56,1
DA:60,10
DA:68,2
LF:34
LH:28
BRDA:20,0,0,1
BRDA:20,0,1,1
BRDA:25,1,0,1
BRDA:25,1,1,0
BRDA:33,2,0,1
BRDA:33,2,1,0
BRDA:39,3,0,0
BRDA:39,3,1,0
BRDA:47,4,0,2
BRDA:47,4,1,0
BRDA:49,5,0,0
BRDA:49,5,1,2
BRDA:55,6,0,1
BRDA:55,6,1,1
BRDA:74,7,0,10
BRDA:74,7,1,1
BRDA:81,8,0,2
BRDA:81,8,1,8
BRF:18
BRH:12
end_of_record
TN:
SF:src/config/config.js
FNF:0
FNH:0
DA:1,8
DA:2,8
LF:2
LH:2
BRDA:3,0,0,8
BRDA:3,0,1,0
BRF:2
BRH:1
end_of_record
TN:
SF:src/config/supabaseClient.js
FNF:0
FNH:0
DA:4,2
DA:5,2
DA:7,2
LF:3
LH:3
BRF:0
BRH:0
end_of_record
TN:
SF:src/features/board/Board.jsx
FN:21,Board
FN:35,(anonymous_1)
FN:42,(anonymous_2)
FN:56,(anonymous_3)
FN:57,(anonymous_4)
FN:67,(anonymous_5)
FN:68,(anonymous_6)
FN:85,(anonymous_7)
FN:93,(anonymous_8)
FN:97,(anonymous_9)
FN:97,(anonymous_10)
FN:99,(anonymous_11)
FN:112,(anonymous_12)
FN:133,(anonymous_13)
FN:139,(anonymous_14)
FN:146,(anonymous_15)
FN:147,(anonymous_16)
FN:168,(anonymous_17)
FN:174,(anonymous_18)
FN:191,(anonymous_19)
FN:196,(anonymous_20)
FN:218,(anonymous_21)
FN:238,(anonymous_22)
FN:240,(anonymous_23)
FN:243,(anonymous_24)
FN:246,(anonymous_25)
FNF:26
FNH:7
FNDA:1,Board
FNDA:0,(anonymous_1)
FNDA:1,(anonymous_2)
FNDA:0,(anonymous_3)
FNDA:0,(anonymous_4)
FNDA:0,(anonymous_5)
FNDA:0,(anonymous_6)
FNDA:0,(anonymous_7)
FNDA:0,(anonymous_8)
FNDA:0,(anonymous_9)
FNDA:0,(anonymous_10)
FNDA:0,(anonymous_11)
FNDA:0,(anonymous_12)
FNDA:0,(anonymous_13)
FNDA:1,(anonymous_14)
FNDA:1,(anonymous_15)
FNDA:0,(anonymous_16)
FNDA:1,(anonymous_17)
FNDA:1,(anonymous_18)
FNDA:0,(anonymous_19)
FNDA:1,(anonymous_20)
FNDA:0,(anonymous_21)
FNDA:0,(anonymous_22)
FNDA:0,(anonymous_23)
FNDA:0,(anonymous_24)
FNDA:0,(anonymous_25)
DA:22,1
DA:23,1
DA:24,1
DA:25,1
DA:26,1
DA:27,1
DA:28,1
DA:30,1
DA:31,1
DA:33,1
DA:35,1
DA:36,1
DA:37,1
DA:42,1
DA:43,1
DA:44,1
DA:45,1
DA:46,0
DA:47,0
DA:49,0
DA:50,0
DA:51,0
DA:52,0
DA:55,0
DA:56,0
DA:57,0
DA:66,0
DA:67,0
DA:68,0
DA:73,0
DA:74,0
DA:76,0
DA:78,0
DA:85,1
DA:86,0
DA:87,0
DA:93,1
DA:94,0
DA:96,0
DA:97,0
DA:98,0
DA:99,0
DA:112,1
DA:113,0
DA:115,0
DA:116,0
DA:119,0
DA:120,0
DA:122,0
DA:123,0
DA:125,0
DA:126,0
DA:130,0
DA:133,0
DA:134,0
DA:139,1
DA:140,1
DA:146,1
DA:147,1
DA:148,0
DA:149,0
DA:150,0
DA:153,0
DA:154,0
DA:162,0
DA:163,0
DA:167,1
DA:168,1
DA:174,1
DA:176,1
DA:177,1
DA:179,1
DA:181,1
DA:191,1
DA:192,0
DA:193,0
DA:196,1
DA:197,1
DA:198,1
DA:199,1
DA:200,1
DA:201,1
DA:205,1
DA:206,0
DA:208,0
DA:219,0
DA:220,0
DA:221,0
DA:222,0
DA:224,0
DA:225,0
DA:239,0
DA:241,0
DA:242,0
DA:243,0
DA:245,0
DA:246,0
DA:249,0
LF:98
LH:39
BRDA:36,0,0,1
BRDA:36,0,1,0
BRDA:37,1,0,1
BRDA:37,1,1,0
BRDA:50,2,0,0
BRDA:50,2,1,0
BRDA:56,3,0,0
BRDA:56,3,1,0
BRDA:67,4,0,0
BRDA:67,4,1,0
BRDA:96,5,0,0
BRDA:96,5,1,0
BRDA:98,6,0,0
BRDA:98,6,1,0
BRDA:115,7,0,0
BRDA:115,7,1,0
BRDA:119,8,0,0
BRDA:119,8,1,0
BRDA:122,9,0,0
BRDA:122,9,1,0
BRDA:125,10,0,0
BRDA:125,10,1,0
BRDA:148,11,0,0
BRDA:148,11,1,0
BRDA:162,12,0,0
BRDA:162,12,1,0
BRDA:176,13,0,0
BRDA:176,13,1,1
BRDA:205,14,0,1
BRDA:205,14,1,0
BRDA:206,15,0,0
BRDA:206,15,1,0
BRDA:215,16,0,0
BRDA:215,16,1,0
BRDA:220,17,0,0
BRDA:220,17,1,0
BRDA:243,18,0,0
BRDA:243,18,1,0
BRDA:246,19,0,0
BRDA:246,19,1,0
BRDA:251,20,0,0
BRDA:251,20,1,0
BRDA:252,21,0,0
BRDA:252,21,1,0
BRDA:258,22,0,0
BRDA:258,22,1,0
BRDA:259,23,0,0
BRDA:259,23,1,0
BRF:48
BRH:4
end_of_record
TN:
SF:src/features/board/parseBoard.js
FN:1,parseBoard
FNF:1
FNH:1
FNDA:4,parseBoard
DA:2,4
DA:4,4
DA:5,4
DA:6,4
DA:7,3
DA:8,3
DA:9,3
DA:13,4
LF:8
LH:8
BRDA:6,0,0,3
BRDA:6,0,1,1
BRF:2
BRH:2
end_of_record
TN:
SF:src/features/general/EndGame.jsx
FN:7,EndGame
FN:12,(anonymous_1)
FN:21,(anonymous_2)
FN:37,(anonymous_3)
FN:46,(anonymous_4)
FNF:5
FNH:4
FNDA:3,EndGame
FNDA:2,(anonymous_1)
FNDA:1,(anonymous_2)
FNDA:2,(anonymous_3)
FNDA:0,(anonymous_4)
DA:8,3
DA:9,3
DA:10,3
DA:12,3
DA:13,2
DA:14,2
DA:16,2
DA:18,2
DA:19,1
DA:21,1
DA:22,1
DA:23,1
DA:24,0
DA:25,0
DA:26,0
DA:28,0
DA:29,0
DA:33,1
DA:37,2
DA:38,2
DA:46,3
DA:48,0
DA:49,0
DA:50,0
DA:51,0
DA:53,0
DA:54,0
DA:57,3
LF:28
LH:17
BRDA:18,0,0,1
BRDA:18,0,1,1
BRDA:23,1,0,0
BRDA:23,1,1,1
BRDA:26,2,0,0
BRDA:26,2,1,0
BRF:6
BRH:3
end_of_record
TN:
SF:src/features/general/Home.jsx
FN:9,Home
FN:19,(anonymous_1)
FN:20,(anonymous_2)
FN:29,(anonymous_3)
FN:67,(anonymous_4)
FN:118,(anonymous_5)
FN:126,(anonymous_6)
FN:133,(anonymous_7)
FN:143,(anonymous_8)
FNF:9
FNH:8
FNDA:23,Home
FNDA:8,(anonymous_1)
FNDA:8,(anonymous_2)
FNDA:3,(anonymous_3)
FNDA:0,(anonymous_4)
FNDA:1,(anonymous_5)
FNDA:3,(anonymous_6)
FNDA:3,(anonymous_7)
FNDA:2,(anonymous_8)
DA:10,23
DA:11,23
DA:12,23
DA:13,23
DA:14,23
DA:15,23
DA:16,23
DA:17,23
DA:19,23
DA:20,8
DA:21,8
DA:22,8
DA:23,2
DA:26,8
DA:29,23
DA:30,3
DA:31,3
DA:32,3
DA:33,3
DA:35,3
DA:37,1
DA:38,0
DA:39,0
DA:40,0
DA:42,1
DA:44,1
DA:48,1
DA:51,1
DA:60,1
DA:63,1
DA:64,1
DA:66,1
DA:67,1
DA:70,0
DA:72,1
DA:76,2
DA:78,2
DA:83,2
DA:85,1
DA:87,1
DA:90,1
DA:91,1
DA:92,1
DA:94,1
DA:97,1
DA:99,2
DA:104,23
DA:118,1
DA:126,3
DA:133,3
DA:144,2
DA:145,2
DA:146,2
LF:53
LH:49
BRDA:22,0,0,2
BRDA:22,0,1,6
BRDA:35,1,0,1
BRDA:35,1,1,2
BRDA:37,2,0,0
BRDA:37,2,1,1
BRDA:48,3,0,0
BRDA:48,3,1,1
BRDA:83,4,0,1
BRDA:83,4,1,1
BRDA:85,5,0,1
BRDA:85,5,1,0
BRDA:110,6,0,7
BRDA:110,6,1,16
BRDA:112,7,0,23
BRDA:112,7,1,7
BRDA:136,8,0,3
BRDA:136,8,1,20
BRDA:136,9,0,6
BRDA:136,9,1,14
BRDA:139,10,0,23
BRDA:139,10,1,1
BRDA:140,11,0,23
BRDA:140,11,1,1
BRDA:149,12,0,7
BRDA:149,12,1,16
BRF:26
BRH:23
end_of_record
TN:
SF:src/features/lobby/Lobby.jsx
FN:7,Lobby
FN:19,(anonymous_1)
FN:28,(anonymous_2)
FN:29,(anonymous_3)
FN:33,(anonymous_4)
FN:36,(anonymous_5)
FN:42,(anonymous_6)
FN:53,(anonymous_7)
FN:59,(anonymous_8)
FNF:9
FNH:9
FNDA:9,Lobby
FNDA:6,(anonymous_1)
FNDA:3,(anonymous_2)
FNDA:1,(anonymous_3)
FNDA:6,(anonymous_4)
FNDA:1,(anonymous_5)
FNDA:1,(anonymous_6)
FNDA:6,(anonymous_7)
FNDA:30,(anonymous_8)
DA:8,9
DA:9,9
DA:11,9
DA:12,9
DA:13,9
DA:14,9
DA:16,9
DA:19,9
DA:20,6
DA:26,6
DA:28,3
DA:29,1
DA:33,6
DA:36,9
DA:37,1
DA:38,1
DA:39,1
DA:42,9
DA:43,1
DA:46,9
DA:54,6
DA:60,30
LF:22
LH:22
BRDA:14,0,0,9
BRDA:14,0,1,0
BRDA:55,1,0,6
BRDA:55,1,1,0
BRF:4
BRH:2
end_of_record
TN:
SF:src/features/manage/CreateGame.jsx
FN:9,CreateGame
FN:21,(anonymous_1)
FN:33,(anonymous_2)
FN:68,(anonymous_3)
FN:83,(anonymous_4)
FN:93,(anonymous_5)
FN:95,(anonymous_6)
FN:95,(anonymous_7)
FN:106,(anonymous_8)
FN:122,(anonymous_9)
FNF:10
FNH:9
FNDA:8,CreateGame
FNDA:2,(anonymous_1)
FNDA:0,(anonymous_2)
FNDA:2,(anonymous_3)
FNDA:1,(anonymous_4)
FNDA:1,(anonymous_5)
FNDA:64,(anonymous_6)
FNDA:64,(anonymous_7)
FNDA:8,(anonymous_8)
FNDA:1,(anonymous_9)
DA:7,1
DA:10,8
DA:12,8
DA:13,8
DA:14,8
DA:15,8
DA:17,8
DA:18,8
DA:21,8
DA:22,2
DA:24,2
DA:25,0
DA:26,0
DA:29,2
DA:33,0
DA:45,2
DA:46,2
DA:47,1
DA:48,1
DA:49,1
DA:50,1
DA:52,1
DA:53,1
DA:57,8
DA:68,2
DA:83,1
DA:93,1
DA:95,64
DA:96,64
DA:107,8
DA:122,1
LF:31
LH:28
BRDA:24,0,0,0
BRDA:24,0,1,2
BRF:2
BRH:1
end_of_record
TN:
SF:src/features/manage/SelectDino.jsx
FN:9,SelectDino
FN:18,(anonymous_1)
FN:19,(anonymous_2)
FN:35,(anonymous_3)
FN:78,(anonymous_4)
FN:83,(anonymous_5)
FNF:6
FNH:6
FNDA:9,SelectDino
FNDA:5,(anonymous_1)
FNDA:5,(anonymous_2)
FNDA:2,(anonymous_3)
FNDA:6,(anonymous_4)
FNDA:2,(anonymous_5)
DA:10,9
DA:11,9
DA:12,9
DA:14,9
DA:15,9
DA:16,9
DA:18,9
DA:19,5
DA:20,5
DA:21,5
DA:22,5
DA:23,3
DA:24,3
DA:26,1
DA:28,4
DA:32,5
DA:35,9
DA:36,2
DA:37,2
DA:39,2
DA:40,1
DA:41,1
DA:42,1
DA:45,1
DA:46,1
DA:53,1
DA:54,1
DA:56,1
DA:57,1
DA:59,0
DA:60,0
DA:64,9
DA:79,6
DA:83,2
LF:34
LH:32
BRDA:12,0,0,9
BRDA:12,0,1,0
BRDA:39,1,0,1
BRDA:39,1,1,1
BRDA:39,2,0,2
BRDA:39,2,1,1
BRDA:69,3,0,9
BRDA:69,3,1,9
BRDA:72,4,0,9
BRDA:72,4,1,5
BRDA:73,5,0,9
BRDA:73,5,1,1
BRDA:75,6,0,9
BRDA:75,6,1,4
BRDA:75,6,2,3
BRDA:77,7,0,3
BRDA:77,7,1,0
BRF:17
BRH:15
end_of_record
TN:
SF:src/features/manage/SelectGame.jsx
FN:9,SelectGame
FN:13,(anonymous_1)
FN:17,(anonymous_2)
FN:32,(anonymous_3)
FNF:4
FNH:4
FNDA:7,SelectGame
FNDA:2,(anonymous_1)
FNDA:1,(anonymous_2)
FNDA:1,(anonymous_3)
DA:10,7
DA:11,7
DA:13,7
DA:14,2
DA:17,7
DA:18,1
DA:21,7
DA:32,1
LF:8
LH:8
BRDA:32,0,0,7
BRDA:32,0,1,2
BRF:2
BRH:2
end_of_record
TN:
SF:src/features/players/PlayerCard.jsx
FN:3,PlayerCard
FN:8,(anonymous_1)
FNF:2
FNH:2
FNDA:7,PlayerCard
FNDA:7,(anonymous_1)
DA:4,7
DA:6,7
DA:8,7
DA:9,7
DA:10,3
DA:11,2
DA:14,7
LF:7
LH:7
BRDA:9,0,0,4
BRDA:9,0,1,3
BRDA:10,1,0,1
BRDA:10,1,1,2
BRF:4
BRH:4
end_of_record
TN:
SF:src/features/players/PlayerList.jsx
FN:5,PlayerList
FN:9,(anonymous_1)
FNF:2
FNH:2
FNDA:3,PlayerList
FNDA:2,(anonymous_1)
DA:6,3
DA:10,2
LF:2
LH:2
BRF:0
BRH:0
end_of_record
TN:
SF:src/services/BoardService.js
FN:3,getBoard
FNF:1
FNH:1
FNDA:3,getBoard
DA:4,3
DA:5,3
DA:6,2
DA:7,1
DA:9,1
DA:10,1
DA:12,2
DA:13,2
LF:8
LH:8
BRDA:6,0,0,1
BRDA:6,0,1,1
BRF:2
BRH:2
end_of_record
TN:
SF:src/services/DinosaurService.js
FN:5,fetchDinosaurs
FNF:1
FNH:1
FNDA:3,fetchDinosaurs
DA:3,2
DA:6,3
DA:7,3
DA:8,2
DA:9,1
DA:11,1
DA:13,2
DA:14,2
LF:8
LH:8
BRDA:8,0,0,1
BRDA:8,0,1,1
BRF:2
BRH:2
end_of_record
TN:
SF:src/services/GameService.js
FN:8,createGame
FN:28,(anonymous_1)
FN:46,(anonymous_2)
FN:61,(anonymous_3)
FN:75,(anonymous_4)
FNF:5
FNH:5
FNDA:2,createGame
FNDA:2,(anonymous_1)
FNDA:2,(anonymous_2)
FNDA:2,(anonymous_3)
FNDA:2,(anonymous_4)
DA:3,4
DA:9,2
DA:17,2
DA:18,1
DA:19,1
DA:22,1
DA:28,4
DA:29,2
DA:35,2
DA:36,1
DA:37,1
DA:40,1
DA:46,4
DA:47,2
DA:49,2
DA:50,1
DA:51,1
DA:54,1
DA:55,1
DA:61,4
DA:62,2
DA:64,2
DA:65,1
DA:66,1
DA:69,1
DA:75,4
DA:76,2
DA:78,2
DA:79,1
DA:80,1
DA:83,1
LF:31
LH:31
BRDA:17,0,0,1
BRDA:17,0,1,1
BRDA:35,1,0,1
BRDA:35,1,1,1
BRDA:49,2,0,1
BRDA:49,2,1,1
BRDA:64,3,0,1
BRDA:64,3,1,1
BRDA:78,4,0,1
BRDA:78,4,1,1
BRF:10
BRH:10
end_of_record
TN:
SF:src/services/PlayerService.js
FN:6,(anonymous_0)
FN:16,(anonymous_1)
FNF:2
FNH:2
FNDA:2,(anonymous_0)
FNDA:2,(anonymous_1)
DA:3,1
DA:6,1
DA:7,2
DA:8,2
DA:9,1
DA:11,1
DA:12,1
DA:16,1
DA:17,2
DA:18,2
DA:19,1
DA:21,1
DA:22,1
LF:13
LH:13
BRF:0
BRH:0
end_of_record
TN:
SF:src/services/Socket.js
FN:11,(anonymous_0)
FN:19,(anonymous_1)
FN:21,(anonymous_2)
FN:24,(anonymous_3)
FN:29,(anonymous_4)
FN:34,(anonymous_5)
FN:35,(anonymous_6)
FN:61,(anonymous_7)
FN:76,(anonymous_8)
FN:91,(anonymous_9)
FN:106,(anonymous_10)
FN:126,(anonymous_11)
FN:132,(anonymous_12)
FN:137,(anonymous_13)
FN:148,(anonymous_14)
FN:153,(anonymous_15)
FN:165,(anonymous_16)
FN:180,(anonymous_17)
FN:192,(anonymous_18)
FN:204,(anonymous_19)
FN:213,(anonymous_20)
FNF:21
FNH:0
FNDA:0,(anonymous_0)
FNDA:0,(anonymous_1)
FNDA:0,(anonymous_2)
FNDA:0,(anonymous_3)
FNDA:0,(anonymous_4)
FNDA:0,(anonymous_5)
FNDA:0,(anonymous_6)
FNDA:0,(anonymous_7)
FNDA:0,(anonymous_8)
FNDA:0,(anonymous_9)
FNDA:0,(anonymous_10)
FNDA:0,(anonymous_11)
FNDA:0,(anonymous_12)
FNDA:0,(anonymous_13)
FNDA:0,(anonymous_14)
FNDA:0,(anonymous_15)
FNDA:0,(anonymous_16)
FNDA:0,(anonymous_17)
FNDA:0,(anonymous_18)
FNDA:0,(anonymous_19)
FNDA:0,(anonymous_20)
DA:5,1
DA:6,1
DA:11,1
DA:12,0
DA:13,0
DA:14,0
DA:15,0
DA:18,0
DA:19,0
DA:21,0
DA:24,0
DA:25,0
DA:26,0
DA:29,0
DA:30,0
DA:31,0
DA:32,0
DA:34,0
DA:35,0
DA:36,0
DA:46,0
DA:47,0
DA:48,0
DA:49,0
DA:51,0
DA:55,0
DA:58,0
DA:61,0
DA:62,0
DA:63,0
DA:64,0
DA:66,0
DA:67,0
DA:70,0
DA:73,0
DA:76,0
DA:77,0
DA:78,0
DA:79,0
DA:81,0
DA:82,0
DA:85,0
DA:88,0
DA:91,0
DA:92,0
DA:93,0
DA:94,0
DA:96,0
DA:97,0
DA:100,0
DA:103,0
DA:106,0
DA:107,0
DA:108,0
DA:121,0
DA:126,0
DA:127,0
DA:128,0
DA:129,0
DA:132,0
DA:133,0
DA:134,0
DA:137,0
DA:138,0
DA:139,0
DA:142,0
DA:148,1
DA:153,1
DA:154,0
DA:155,0
DA:156,0
DA:157,0
DA:158,0
DA:165,1
DA:166,0
DA:167,0
DA:168,0
DA:171,0
DA:180,1
DA:181,0
DA:182,0
DA:183,0
DA:185,0
DA:186,0
DA:192,1
DA:193,0
DA:194,0
DA:195,0
DA:197,0
DA:198,0
DA:204,1
DA:205,0
DA:206,0
DA:207,0
DA:213,1
DA:214,0
DA:215,0
DA:216,0
LF:98
LH:10
BRDA:12,0,0,0
BRDA:12,0,1,0
BRDA:12,1,0,0
BRDA:12,1,1,0
BRDA:46,2,0,0
BRDA:46,2,1,0
BRDA:66,3,0,0
BRDA:66,3,1,0
BRDA:81,4,0,0
BRDA:81,4,1,0
BRDA:96,5,0,0
BRDA:96,5,1,0
BRDA:107,6,0,0
BRDA:107,6,1,0
BRDA:107,7,0,0
BRDA:107,7,1,0
BRDA:112,8,0,0
BRDA:112,8,1,0
BRDA:113,9,0,0
BRDA:113,9,1,0
BRDA:114,10,0,0
BRDA:114,10,1,0
BRDA:154,11,0,0
BRDA:154,11,1,0
BRDA:154,12,0,0
BRDA:154,12,1,0
BRDA:166,13,0,0
BRDA:166,13,1,0
BRDA:166,14,0,0
BRDA:166,14,1,0
BRDA:181,15,0,0
BRDA:181,15,1,0
BRDA:181,16,0,0
BRDA:181,16,1,0
BRDA:193,17,0,0
BRDA:193,17,1,0
BRDA:193,18,0,0
BRDA:193,18,1,0
BRDA:205,19,0,0
BRDA:205,19,1,0
BRDA:205,20,0,0
BRDA:205,20,1,0
BRDA:214,21,0,0
BRDA:214,21,1,0
BRDA:214,22,0,0
BRDA:214,22,1,0
BRF:46
BRH:0
end_of_record
TN:
SF:src/services/SocketLobby.js
FN:8,(anonymous_0)
FN:16,(anonymous_1)
FN:18,(anonymous_2)
FN:21,(anonymous_3)
FN:26,(anonymous_4)
FN:32,(anonymous_5)
FN:38,(anonymous_6)
FN:49,(anonymous_7)
FN:54,(anonymous_8)
FN:59,(anonymous_9)
FN:67,(anonymous_10)
FN:84,(anonymous_11)
FN:96,(anonymous_12)
FNF:13
FNH:0
FNDA:0,(anonymous_0)
FNDA:0,(anonymous_1)
FNDA:0,(anonymous_2)
FNDA:0,(anonymous_3)
FNDA:0,(anonymous_4)
FNDA:0,(anonymous_5)
FNDA:0,(anonymous_6)
FNDA:0,(anonymous_7)
FNDA:0,(anonymous_8)
FNDA:0,(anonymous_9)
FNDA:0,(anonymous_10)
FNDA:0,(anonymous_11)
FNDA:0,(anonymous_12)
DA:5,1
DA:6,1
DA:8,1
DA:10,0
DA:11,0
DA:12,0
DA:15,0
DA:16,0
DA:18,0
DA:21,0
DA:22,0
DA:23,0
DA:26,0
DA:27,0
DA:28,0
DA:29,0
DA:32,0
DA:33,0
DA:34,0
DA:38,0
DA:39,0
DA:40,0
DA:41,0
DA:49,0
DA:50,0
DA:51,0
DA:54,0
DA:55,0
DA:56,0
DA:59,0
DA:60,0
DA:61,0
DA:64,0
DA:67,1
DA:68,0
DA:69,0
DA:70,0
DA:73,0
DA:74,0
DA:79,0
DA:80,0
DA:81,0
DA:84,1
DA:85,0
DA:86,0
DA:87,0
DA:90,0
DA:91,0
DA:96,1
DA:97,0
DA:98,0
DA:99,0
DA:100,0
DA:101,0
LF:54
LH:6
BRDA:10,0,0,0
BRDA:10,0,1,0
BRDA:10,1,0,0
BRDA:10,1,1,0
BRDA:39,2,0,0
BRDA:39,2,1,0
BRDA:39,3,0,0
BRDA:39,3,1,0
BRDA:68,4,0,0
BRDA:68,4,1,0
BRDA:68,5,0,0
BRDA:68,5,1,0
BRDA:85,6,0,0
BRDA:85,6,1,0
BRDA:85,7,0,0
BRDA:85,7,1,0
BRDA:97,8,0,0
BRDA:97,8,1,0
BRDA:97,9,0,0
BRDA:97,9,1,0
BRF:20
BRH:0
end_of_record
