TN:
SF:src/components/auth/LogoutButton.jsx
FN:5,(anonymous_0)
FN:7,(anonymous_1)
FNF:2
FNH:2
FNDA:19,(anonymous_0)
FNDA:3,(anonymous_1)
DA:5,3
DA:7,19
DA:8,3
DA:10,3
DA:11,1
DA:12,1
DA:13,1
DA:16,2
DA:18,2
DA:19,1
DA:22,2
DA:25,19
LF:12
LH:12
BRDA:10,0,0,1
BRDA:10,0,1,2
BRDA:18,1,0,1
BRDA:18,1,1,1
BRF:4
BRH:4
end_of_record
TN:
SF:src/components/auth/ProtectedRoute.jsx
FN:5,(anonymous_0)
FN:9,(anonymous_1)
FN:10,(anonymous_2)
FN:18,(anonymous_3)
FN:22,(anonymous_4)
FNF:5
FNH:4
FNDA:5,(anonymous_0)
FNDA:3,(anonymous_1)
FNDA:3,(anonymous_2)
FNDA:0,(anonymous_3)
FNDA:3,(anonymous_4)
DA:5,1
DA:6,5
DA:7,5
DA:9,5
DA:10,3
DA:11,3
DA:12,2
DA:13,2
DA:15,3
DA:18,3
DA:19,0
DA:22,3
DA:23,3
DA:27,5
DA:28,3
DA:30,2
LF:16
LH:15
BRDA:27,0,0,3
BRDA:27,0,1,2
BRDA:30,1,0,0
BRDA:30,1,1,2
BRF:4
BRH:3
end_of_record
TN:
SF:src/components/game/Food.jsx
FN:3,Food
FNF:1
FNH:1
FNDA:1,Food
DA:4,1
LF:1
LH:1
BRF:0
BRH:0
end_of_record
TN:
SF:src/components/game/Player.jsx
FN:3,Player
FN:12,(anonymous_1)
FNF:2
FNH:2
FNDA:10,Player
FNDA:1,(anonymous_1)
DA:4,10
DA:6,10
DA:12,1
LF:3
LH:3
BRDA:3,0,0,2
BRDA:3,1,0,3
BRF:2
BRH:2
end_of_record
TN:
SF:src/components/game/Power.jsx
FN:3,Power
FNF:1
FNH:1
FNDA:1,Power
DA:5,1
LF:1
LH:1
BRF:0
BRH:0
end_of_record
TN:
SF:src/components/game/PowerNotification.jsx
FN:4,PowerNotification
FNF:1
FNH:1
FNDA:2,PowerNotification
DA:5,2
LF:1
LH:1
BRDA:6,0,0,1
BRDA:6,0,1,1
BRF:2
BRH:2
end_of_record
TN:
SF:src/components/game/Tile.jsx
FN:4,Tile
FNF:1
FNH:1
FNDA:1,Tile
DA:5,1
LF:1
LH:1
BRDA:4,0,0,1
BRF:1
BRH:1
end_of_record
TN:
SF:src/components/game/Timer.jsx
FN:4,Timer
FN:10,(anonymous_1)
FN:20,(anonymous_2)
FN:31,(anonymous_3)
FN:32,(anonymous_4)
FN:46,(anonymous_5)
FN:55,(anonymous_6)
FNF:7
FNH:7
FNDA:15,Timer
FNDA:6,(anonymous_1)
FNDA:15,(anonymous_2)
FNDA:63,(anonymous_3)
FNDA:63,(anonymous_4)
FNDA:7,(anonymous_5)
FNDA:15,(anonymous_6)
DA:5,15
DA:6,15
DA:7,15
DA:10,15
DA:11,6
DA:12,6
DA:13,6
DA:14,6
DA:15,6
DA:20,15
DA:22,15
DA:23,0
DA:24,0
DA:27,15
DA:28,8
DA:31,7
DA:32,63
DA:33,63
DA:34,1
DA:35,1
DA:36,1
DA:39,1
DA:41,62
DA:46,7
DA:47,7
DA:48,7
DA:49,7
DA:50,7
DA:55,15
DA:56,15
DA:57,15
DA:58,15
DA:61,15
LF:33
LH:31
BRDA:4,0,0,2
BRDA:11,1,0,6
BRDA:11,1,1,0
BRDA:11,2,0,6
BRDA:11,2,1,6
BRDA:22,3,0,0
BRDA:22,3,1,15
BRDA:27,4,0,8
BRDA:27,4,1,7
BRDA:27,5,0,15
BRDA:27,5,1,13
BRDA:33,6,0,1
BRDA:33,6,1,62
BRDA:34,7,0,1
BRDA:34,7,1,0
BRDA:47,8,0,7
BRDA:47,8,1,0
BRDA:58,9,0,14
BRDA:58,9,1,1
BRF:19
BRH:15
end_of_record
TN:
SF:src/components/manage/JoinGame.jsx
FN:7,JoinGame
FN:15,(anonymous_1)
FN:46,(anonymous_2)
FN:68,(anonymous_3)
FNF:4
FNH:4
FNDA:10,JoinGame
FNDA:2,(anonymous_1)
FNDA:2,(anonymous_2)
FNDA:2,(anonymous_3)
DA:8,10
DA:9,10
DA:10,10
DA:11,10
DA:15,10
DA:16,2
DA:17,2
DA:18,2
DA:19,2
DA:20,2
DA:22,1
DA:23,1
DA:24,1
DA:25,1
DA:27,0
DA:28,0
DA:33,1
DA:34,1
DA:36,1
DA:37,1
DA:39,0
DA:40,0
DA:42,2
DA:46,10
DA:47,2
DA:48,2
DA:49,2
DA:50,0
DA:51,0
DA:54,2
DA:55,2
DA:56,1
DA:60,10
DA:68,2
LF:34
LH:28
BRDA:20,0,0,1
BRDA:20,0,1,1
BRDA:25,1,0,1
BRDA:25,1,1,0
BRDA:33,2,0,1
BRDA:33,2,1,0
BRDA:39,3,0,0
BRDA:39,3,1,0
BRDA:47,4,0,2
BRDA:47,4,1,0
BRDA:49,5,0,0
BRDA:49,5,1,2
BRDA:55,6,0,1
BRDA:55,6,1,1
BRDA:74,7,0,10
BRDA:74,7,1,1
BRDA:81,8,0,2
BRDA:81,8,1,8
BRF:18
BRH:12
end_of_record
TN:
SF:src/config/config.js
FNF:0
FNH:0
DA:1,8
DA:2,8
LF:2
LH:2
BRDA:3,0,0,8
BRDA:3,0,1,0
BRF:2
BRH:1
end_of_record
TN:
SF:src/config/supabaseClient.js
FNF:0
FNH:0
DA:4,2
DA:5,2
DA:7,2
LF:3
LH:3
BRF:0
BRH:0
end_of_record
TN:
SF:src/features/board/Board.jsx
FN:24,Board
FN:38,(anonymous_1)
FN:45,(anonymous_2)
FN:59,(anonymous_3)
FN:60,(anonymous_4)
FN:70,(anonymous_5)
FN:71,(anonymous_6)
FN:85,(anonymous_7)
FN:106,(anonymous_8)
FN:114,(anonymous_9)
FN:118,(anonymous_10)
FN:118,(anonymous_11)
FN:120,(anonymous_12)
FN:133,(anonymous_13)
FN:154,(anonymous_14)
FN:160,(anonymous_15)
FN:167,(anonymous_16)
FN:168,(anonymous_17)
FN:189,(anonymous_18)
FN:195,(anonymous_19)
FN:212,(anonymous_20)
FN:217,(anonymous_21)
FN:245,(anonymous_22)
FN:247,(anonymous_23)
FN:250,(anonymous_24)
FN:253,(anonymous_25)
FNF:26
FNH:7
FNDA:1,Board
FNDA:0,(anonymous_1)
FNDA:1,(anonymous_2)
FNDA:0,(anonymous_3)
FNDA:0,(anonymous_4)
FNDA:0,(anonymous_5)
FNDA:0,(anonymous_6)
FNDA:0,(anonymous_7)
FNDA:0,(anonymous_8)
FNDA:0,(anonymous_9)
FNDA:0,(anonymous_10)
FNDA:0,(anonymous_11)
FNDA:0,(anonymous_12)
FNDA:0,(anonymous_13)
FNDA:0,(anonymous_14)
FNDA:1,(anonymous_15)
FNDA:1,(anonymous_16)
FNDA:0,(anonymous_17)
FNDA:1,(anonymous_18)
FNDA:1,(anonymous_19)
FNDA:0,(anonymous_20)
FNDA:1,(anonymous_21)
FNDA:0,(anonymous_22)
FNDA:0,(anonymous_23)
FNDA:0,(anonymous_24)
FNDA:0,(anonymous_25)
DA:25,1
DA:26,1
DA:27,1
DA:28,1
DA:29,1
DA:30,1
DA:31,1
DA:33,1
DA:34,1
DA:36,1
DA:38,1
DA:39,1
DA:40,1
DA:45,1
DA:46,1
DA:47,1
DA:48,1
DA:49,0
DA:50,0
DA:52,0
DA:53,0
DA:54,0
DA:55,0
DA:58,0
DA:59,0
DA:60,0
DA:69,0
DA:70,0
DA:71,0
DA:76,0
DA:77,0
DA:79,0
DA:81,0
DA:85,1
DA:86,0
DA:87,0
DA:88,0
DA:89,0
DA:92,0
DA:93,0
DA:95,0
DA:100,0
DA:106,1
DA:107,0
DA:108,0
DA:114,1
DA:115,0
DA:117,0
DA:118,0
DA:119,0
DA:120,0
DA:133,1
DA:134,0
DA:136,0
DA:137,0
DA:140,0
DA:141,0
DA:143,0
DA:144,0
DA:146,0
DA:147,0
DA:151,0
DA:154,0
DA:155,0
DA:160,1
DA:161,1
DA:167,1
DA:168,1
DA:169,0
DA:170,0
DA:171,0
DA:174,0
DA:175,0
DA:183,0
DA:184,0
DA:188,1
DA:189,1
DA:195,1
DA:197,1
DA:198,1
DA:200,1
DA:202,1
DA:212,1
DA:213,0
DA:214,0
DA:217,1
DA:218,1
DA:219,1
DA:220,1
DA:221,1
DA:222,1
DA:226,1
DA:227,0
DA:229,0
DA:246,0
DA:248,0
DA:249,0
DA:250,0
DA:252,0
DA:253,0
DA:256,0
LF:101
LH:40
BRDA:39,0,0,1
BRDA:39,0,1,0
BRDA:40,1,0,1
BRDA:40,1,1,0
BRDA:53,2,0,0
BRDA:53,2,1,0
BRDA:59,3,0,0
BRDA:59,3,1,0
BRDA:70,4,0,0
BRDA:70,4,1,0
BRDA:87,5,0,0
BRDA:87,5,1,0
BRDA:117,6,0,0
BRDA:117,6,1,0
BRDA:119,7,0,0
BRDA:119,7,1,0
BRDA:136,8,0,0
BRDA:136,8,1,0
BRDA:140,9,0,0
BRDA:140,9,1,0
BRDA:143,10,0,0
BRDA:143,10,1,0
BRDA:146,11,0,0
BRDA:146,11,1,0
BRDA:169,12,0,0
BRDA:169,12,1,0
BRDA:183,13,0,0
BRDA:183,13,1,0
BRDA:197,14,0,0
BRDA:197,14,1,1
BRDA:226,15,0,1
BRDA:226,15,1,0
BRDA:227,16,0,0
BRDA:227,16,1,0
BRDA:236,17,0,0
BRDA:236,17,1,0
BRDA:250,18,0,0
BRDA:250,18,1,0
BRDA:253,19,0,0
BRDA:253,19,1,0
BRDA:258,20,0,0
BRDA:258,20,1,0
BRDA:259,21,0,0
BRDA:259,21,1,0
BRDA:265,22,0,0
BRDA:265,22,1,0
BRDA:266,23,0,0
BRDA:266,23,1,0
BRF:48
BRH:4
end_of_record
TN:
SF:src/features/board/parseBoard.js
FN:1,parseBoard
FNF:1
FNH:1
FNDA:4,parseBoard
DA:2,4
DA:4,4
DA:5,4
DA:6,4
DA:7,3
DA:8,3
DA:9,3
DA:13,4
LF:8
LH:8
BRDA:6,0,0,3
BRDA:6,0,1,1
BRF:2
BRH:2
end_of_record
TN:
SF:src/features/general/EndGame.jsx
FN:7,EndGame
FN:12,(anonymous_1)
FN:21,(anonymous_2)
FN:37,(anonymous_3)
FN:46,(anonymous_4)
FNF:5
FNH:4
FNDA:3,EndGame
FNDA:2,(anonymous_1)
FNDA:1,(anonymous_2)
FNDA:2,(anonymous_3)
FNDA:0,(anonymous_4)
DA:8,3
DA:9,3
DA:10,3
DA:12,3
DA:13,2
DA:14,2
DA:16,2
DA:18,2
DA:19,1
DA:21,1
DA:22,1
DA:23,1
DA:24,0
DA:25,0
DA:26,0
DA:28,0
DA:29,0
DA:33,1
DA:37,2
DA:38,2
DA:46,3
DA:48,0
DA:49,0
DA:50,0
DA:51,0
DA:53,0
DA:54,0
DA:57,3
LF:28
LH:17
BRDA:18,0,0,1
BRDA:18,0,1,1
BRDA:23,1,0,0
BRDA:23,1,1,1
BRDA:26,2,0,0
BRDA:26,2,1,0
BRF:6
BRH:3
end_of_record
TN:
SF:src/features/general/Home.jsx
FN:9,Home
FN:19,(anonymous_1)
FN:20,(anonymous_2)
FN:29,(anonymous_3)
FN:67,(anonymous_4)
FN:118,(anonymous_5)
FN:126,(anonymous_6)
FN:133,(anonymous_7)
FN:143,(anonymous_8)
FNF:9
FNH:8
FNDA:23,Home
FNDA:8,(anonymous_1)
FNDA:8,(anonymous_2)
FNDA:3,(anonymous_3)
FNDA:0,(anonymous_4)
FNDA:1,(anonymous_5)
FNDA:3,(anonymous_6)
FNDA:3,(anonymous_7)
FNDA:2,(anonymous_8)
DA:10,23
DA:11,23
DA:12,23
DA:13,23
DA:14,23
DA:15,23
DA:16,23
DA:17,23
DA:19,23
DA:20,8
DA:21,8
DA:22,8
DA:23,2
DA:26,8
DA:29,23
DA:30,3
DA:31,3
DA:32,3
DA:33,3
DA:35,3
DA:37,1
DA:38,0
DA:39,0
DA:40,0
DA:42,1
DA:44,1
DA:48,1
DA:51,1
DA:60,1
DA:63,1
DA:64,1
DA:66,1
DA:67,1
DA:70,0
DA:72,1
DA:76,2
DA:78,2
DA:83,2
DA:85,1
DA:87,1
DA:90,1
DA:91,1
DA:92,1
DA:94,1
DA:97,1
DA:99,2
DA:104,23
DA:118,1
DA:126,3
DA:133,3
DA:144,2
DA:145,2
DA:146,2
LF:53
LH:49
BRDA:22,0,0,2
BRDA:22,0,1,6
BRDA:35,1,0,1
BRDA:35,1,1,2
BRDA:37,2,0,0
BRDA:37,2,1,1
BRDA:48,3,0,0
BRDA:48,3,1,1
BRDA:83,4,0,1
BRDA:83,4,1,1
BRDA:85,5,0,1
BRDA:85,5,1,0
BRDA:110,6,0,7
BRDA:110,6,1,16
BRDA:112,7,0,23
BRDA:112,7,1,7
BRDA:136,8,0,3
BRDA:136,8,1,20
BRDA:136,9,0,6
BRDA:136,9,1,14
BRDA:139,10,0,23
BRDA:139,10,1,1
BRDA:140,11,0,23
BRDA:140,11,1,1
BRDA:149,12,0,7
BRDA:149,12,1,16
BRF:26
BRH:23
end_of_record
TN:
SF:src/features/lobby/Lobby.jsx
FN:7,Lobby
FN:19,(anonymous_1)
FN:28,(anonymous_2)
FN:29,(anonymous_3)
FN:33,(anonymous_4)
FN:36,(anonymous_5)
FN:42,(anonymous_6)
FN:53,(anonymous_7)
FN:59,(anonymous_8)
FNF:9
FNH:9
FNDA:9,Lobby
FNDA:6,(anonymous_1)
FNDA:3,(anonymous_2)
FNDA:1,(anonymous_3)
FNDA:6,(anonymous_4)
FNDA:1,(anonymous_5)
FNDA:1,(anonymous_6)
FNDA:6,(anonymous_7)
FNDA:30,(anonymous_8)
DA:8,9
DA:9,9
DA:11,9
DA:12,9
DA:13,9
DA:14,9
DA:16,9
DA:19,9
DA:20,6
DA:26,6
DA:28,3
DA:29,1
DA:33,6
DA:36,9
DA:37,1
DA:38,1
DA:39,1
DA:42,9
DA:43,1
DA:46,9
DA:54,6
DA:60,30
LF:22
LH:22
BRDA:14,0,0,9
BRDA:14,0,1,0
BRDA:55,1,0,6
BRDA:55,1,1,0
BRF:4
BRH:2
end_of_record
TN:
SF:src/features/manage/CreateGame.jsx
FN:9,CreateGame
FN:21,(anonymous_1)
FN:33,(anonymous_2)
FN:68,(anonymous_3)
FN:83,(anonymous_4)
FN:93,(anonymous_5)
FN:95,(anonymous_6)
FN:95,(anonymous_7)
FN:106,(anonymous_8)
FN:122,(anonymous_9)
FNF:10
FNH:9
FNDA:8,CreateGame
FNDA:2,(anonymous_1)
FNDA:0,(anonymous_2)
FNDA:2,(anonymous_3)
FNDA:1,(anonymous_4)
FNDA:1,(anonymous_5)
FNDA:64,(anonymous_6)
FNDA:64,(anonymous_7)
FNDA:8,(anonymous_8)
FNDA:1,(anonymous_9)
DA:7,1
DA:10,8
DA:12,8
DA:13,8
DA:14,8
DA:15,8
DA:17,8
DA:18,8
DA:21,8
DA:22,2
DA:24,2
DA:25,0
DA:26,0
DA:29,2
DA:33,0
DA:45,2
DA:46,2
DA:47,1
DA:48,1
DA:49,1
DA:50,1
DA:52,1
DA:53,1
DA:57,8
DA:68,2
DA:83,1
DA:93,1
DA:95,64
DA:96,64
DA:107,8
DA:122,1
LF:31
LH:28
BRDA:24,0,0,0
BRDA:24,0,1,2
BRF:2
BRH:1
end_of_record
TN:
SF:src/features/manage/SelectDino.jsx
FN:9,SelectDino
FN:18,(anonymous_1)
FN:19,(anonymous_2)
FN:35,(anonymous_3)
FN:78,(anonymous_4)
FN:83,(anonymous_5)
FNF:6
FNH:6
FNDA:9,SelectDino
FNDA:5,(anonymous_1)
FNDA:5,(anonymous_2)
FNDA:2,(anonymous_3)
FNDA:6,(anonymous_4)
FNDA:2,(anonymous_5)
DA:10,9
DA:11,9
DA:12,9
DA:14,9
DA:15,9
DA:16,9
DA:18,9
DA:19,5
DA:20,5
DA:21,5
DA:22,5
DA:23,3
DA:24,3
DA:26,1
DA:28,4
DA:32,5
DA:35,9
DA:36,2
DA:37,2
DA:39,2
DA:40,1
DA:41,1
DA:42,1
DA:45,1
DA:46,1
DA:53,1
DA:54,1
DA:56,1
DA:57,1
DA:59,0
DA:60,0
DA:64,9
DA:79,6
DA:83,2
LF:34
LH:32
BRDA:12,0,0,9
BRDA:12,0,1,0
BRDA:39,1,0,1
BRDA:39,1,1,1
BRDA:39,2,0,2
BRDA:39,2,1,1
BRDA:69,3,0,9
BRDA:69,3,1,9
BRDA:72,4,0,9
BRDA:72,4,1,5
BRDA:73,5,0,9
BRDA:73,5,1,1
BRDA:75,6,0,9
BRDA:75,6,1,4
BRDA:75,6,2,3
BRDA:77,7,0,3
BRDA:77,7,1,0
BRF:17
BRH:15
end_of_record
TN:
SF:src/features/manage/SelectGame.jsx
FN:9,SelectGame
FN:13,(anonymous_1)
FN:17,(anonymous_2)
FN:32,(anonymous_3)
FNF:4
FNH:4
FNDA:7,SelectGame
FNDA:2,(anonymous_1)
FNDA:1,(anonymous_2)
FNDA:1,(anonymous_3)
DA:10,7
DA:11,7
DA:13,7
DA:14,2
DA:17,7
DA:18,1
DA:21,7
DA:32,1
LF:8
LH:8
BRDA:32,0,0,7
BRDA:32,0,1,2
BRF:2
BRH:2
end_of_record
TN:
SF:src/features/players/PlayerCard.jsx
FN:3,PlayerCard
FN:8,(anonymous_1)
FNF:2
FNH:2
FNDA:7,PlayerCard
FNDA:7,(anonymous_1)
DA:4,7
DA:6,7
DA:8,7
DA:9,7
DA:10,3
DA:11,2
DA:14,7
LF:7
LH:7
BRDA:9,0,0,4
BRDA:9,0,1,3
BRDA:10,1,0,1
BRDA:10,1,1,2
BRF:4
BRH:4
end_of_record
TN:
SF:src/features/players/PlayerList.jsx
FN:5,PlayerList
FN:9,(anonymous_1)
FNF:2
FNH:2
FNDA:3,PlayerList
FNDA:2,(anonymous_1)
DA:6,3
DA:10,2
LF:2
LH:2
BRF:0
BRH:0
end_of_record
TN:
SF:src/services/BoardService.js
FN:3,getBoard
FNF:1
FNH:1
FNDA:3,getBoard
DA:4,3
DA:5,3
DA:6,2
DA:7,1
DA:9,1
DA:10,1
DA:12,2
DA:13,2
LF:8
LH:8
BRDA:6,0,0,1
BRDA:6,0,1,1
BRF:2
BRH:2
end_of_record
TN:
SF:src/services/DinosaurService.js
FN:5,fetchDinosaurs
FNF:1
FNH:1
FNDA:3,fetchDinosaurs
DA:3,2
DA:6,3
DA:7,3
DA:8,2
DA:9,1
DA:11,1
DA:13,2
DA:14,2
LF:8
LH:8
BRDA:8,0,0,1
BRDA:8,0,1,1
BRF:2
BRH:2
end_of_record
TN:
SF:src/services/GameService.js
FN:8,createGame
FN:28,(anonymous_1)
FN:46,(anonymous_2)
FN:61,(anonymous_3)
FN:75,(anonymous_4)
FNF:5
FNH:5
FNDA:2,createGame
FNDA:2,(anonymous_1)
FNDA:2,(anonymous_2)
FNDA:2,(anonymous_3)
FNDA:2,(anonymous_4)
DA:3,4
DA:9,2
DA:17,2
DA:18,1
DA:19,1
DA:22,1
DA:28,4
DA:29,2
DA:35,2
DA:36,1
DA:37,1
DA:40,1
DA:46,4
DA:47,2
DA:49,2
DA:50,1
DA:51,1
DA:54,1
DA:55,1
DA:61,4
DA:62,2
DA:64,2
DA:65,1
DA:66,1
DA:69,1
DA:75,4
DA:76,2
DA:78,2
DA:79,1
DA:80,1
DA:83,1
LF:31
LH:31
BRDA:17,0,0,1
BRDA:17,0,1,1
BRDA:35,1,0,1
BRDA:35,1,1,1
BRDA:49,2,0,1
BRDA:49,2,1,1
BRDA:64,3,0,1
BRDA:64,3,1,1
BRDA:78,4,0,1
BRDA:78,4,1,1
BRF:10
BRH:10
end_of_record
TN:
SF:src/services/PlayerService.js
FN:6,(anonymous_0)
FN:16,(anonymous_1)
FNF:2
FNH:2
FNDA:2,(anonymous_0)
FNDA:2,(anonymous_1)
DA:3,1
DA:6,1
DA:7,2
DA:8,2
DA:9,1
DA:11,1
DA:12,1
DA:16,1
DA:17,2
DA:18,2
DA:19,1
DA:21,1
DA:22,1
LF:13
LH:13
BRF:0
BRH:0
end_of_record
TN:
SF:src/services/Socket.js
FN:12,(anonymous_0)
FN:20,(anonymous_1)
FN:22,(anonymous_2)
FN:25,(anonymous_3)
FN:30,(anonymous_4)
FN:35,(anonymous_5)
FN:36,(anonymous_6)
FN:62,(anonymous_7)
FN:77,(anonymous_8)
FN:92,(anonymous_9)
FN:107,(anonymous_10)
FN:133,(anonymous_11)
FN:139,(anonymous_12)
FN:144,(anonymous_13)
FN:155,(anonymous_14)
FN:160,(anonymous_15)
FN:172,sendMove
FN:187,(anonymous_17)
FN:199,(anonymous_18)
FN:211,(anonymous_19)
FN:220,(anonymous_20)
FN:226,sendEncrypted
FN:237,parseEncryptedMessage
FNF:23
FNH:0
FNDA:0,(anonymous_0)
FNDA:0,(anonymous_1)
FNDA:0,(anonymous_2)
FNDA:0,(anonymous_3)
FNDA:0,(anonymous_4)
FNDA:0,(anonymous_5)
FNDA:0,(anonymous_6)
FNDA:0,(anonymous_7)
FNDA:0,(anonymous_8)
FNDA:0,(anonymous_9)
FNDA:0,(anonymous_10)
FNDA:0,(anonymous_11)
FNDA:0,(anonymous_12)
FNDA:0,(anonymous_13)
FNDA:0,(anonymous_14)
FNDA:0,(anonymous_15)
FNDA:0,sendMove
FNDA:0,(anonymous_17)
FNDA:0,(anonymous_18)
FNDA:0,(anonymous_19)
FNDA:0,(anonymous_20)
FNDA:0,sendEncrypted
FNDA:0,parseEncryptedMessage
DA:6,1
DA:7,1
DA:12,1
DA:13,0
DA:14,0
DA:15,0
DA:16,0
DA:19,0
DA:20,0
DA:22,0
DA:25,0
DA:26,0
DA:27,0
DA:30,0
DA:31,0
DA:32,0
DA:33,0
DA:35,0
DA:36,0
DA:37,0
DA:47,0
DA:48,0
DA:49,0
DA:50,0
DA:52,0
DA:56,0
DA:59,0
DA:62,0
DA:63,0
DA:64,0
DA:65,0
DA:67,0
DA:68,0
DA:71,0
DA:74,0
DA:77,0
DA:78,0
DA:79,0
DA:80,0
DA:82,0
DA:83,0
DA:86,0
DA:89,0
DA:92,0
DA:93,0
DA:94,0
DA:95,0
DA:97,0
DA:98,0
DA:101,0
DA:104,0
DA:107,0
DA:108,0
DA:109,0
DA:121,0
DA:123,0
DA:128,0
DA:133,0
DA:134,0
DA:135,0
DA:136,0
DA:139,0
DA:140,0
DA:141,0
DA:144,0
DA:145,0
DA:146,0
DA:149,0
DA:155,1
DA:160,1
DA:161,0
DA:162,0
DA:163,0
DA:164,0
DA:165,0
DA:173,0
DA:174,0
DA:175,0
DA:178,0
DA:187,1
DA:188,0
DA:189,0
DA:190,0
DA:192,0
DA:193,0
DA:199,1
DA:200,0
DA:201,0
DA:202,0
DA:204,0
DA:205,0
DA:211,1
DA:212,0
DA:213,0
DA:214,0
DA:220,1
DA:221,0
DA:222,0
DA:223,0
DA:227,0
DA:228,0
DA:238,0
DA:242,0
DA:244,0
DA:245,0
DA:247,0
DA:249,0
DA:253,0
DA:254,0
DA:257,0
LF:110
LH:9
BRDA:13,0,0,0
BRDA:13,0,1,0
BRDA:13,1,0,0
BRDA:13,1,1,0
BRDA:47,2,0,0
BRDA:47,2,1,0
BRDA:67,3,0,0
BRDA:67,3,1,0
BRDA:82,4,0,0
BRDA:82,4,1,0
BRDA:97,5,0,0
BRDA:97,5,1,0
BRDA:108,6,0,0
BRDA:108,6,1,0
BRDA:108,7,0,0
BRDA:108,7,1,0
BRDA:111,8,0,0
BRDA:111,8,1,0
BRDA:112,9,0,0
BRDA:112,9,1,0
BRDA:113,10,0,0
BRDA:113,10,1,0
BRDA:161,11,0,0
BRDA:161,11,1,0
BRDA:161,12,0,0
BRDA:161,12,1,0
BRDA:173,13,0,0
BRDA:173,13,1,0
BRDA:173,14,0,0
BRDA:173,14,1,0
BRDA:188,15,0,0
BRDA:188,15,1,0
BRDA:188,16,0,0
BRDA:188,16,1,0
BRDA:200,17,0,0
BRDA:200,17,1,0
BRDA:200,18,0,0
BRDA:200,18,1,0
BRDA:212,19,0,0
BRDA:212,19,1,0
BRDA:212,20,0,0
BRDA:212,20,1,0
BRDA:221,21,0,0
BRDA:221,21,1,0
BRDA:221,22,0,0
BRDA:221,22,1,0
BRDA:238,23,0,0
BRDA:238,23,1,0
BRDA:242,24,0,0
BRDA:242,24,1,0
BRDA:244,25,0,0
BRDA:244,25,1,0
BRDA:244,26,0,0
BRDA:244,26,1,0
BRDA:253,27,0,0
BRDA:253,27,1,0
BRDA:253,28,0,0
BRDA:253,28,1,0
BRF:58
BRH:0
end_of_record
TN:
SF:src/services/SocketLobby.js
FN:9,(anonymous_0)
FN:16,(anonymous_1)
FN:18,(anonymous_2)
FN:21,(anonymous_3)
FN:25,(anonymous_4)
FN:34,(anonymous_5)
FN:45,(anonymous_6)
FN:57,(anonymous_7)
FN:58,(anonymous_8)
FN:59,(anonymous_9)
FN:67,(anonymous_10)
FN:80,(anonymous_11)
FN:91,(anonymous_12)
FN:102,parseEncryptedMessage
FNF:14
FNH:0
FNDA:0,(anonymous_0)
FNDA:0,(anonymous_1)
FNDA:0,(anonymous_2)
FNDA:0,(anonymous_3)
FNDA:0,(anonymous_4)
FNDA:0,(anonymous_5)
FNDA:0,(anonymous_6)
FNDA:0,(anonymous_7)
FNDA:0,(anonymous_8)
FNDA:0,(anonymous_9)
FNDA:0,(anonymous_10)
FNDA:0,(anonymous_11)
FNDA:0,(anonymous_12)
FNDA:0,parseEncryptedMessage
DA:6,1
DA:7,1
DA:9,1
DA:10,0
DA:11,0
DA:12,0
DA:15,0
DA:16,0
DA:18,0
DA:21,0
DA:22,0
DA:23,0
DA:25,0
DA:26,0
DA:27,0
DA:28,0
DA:30,0
DA:34,0
DA:35,0
DA:36,0
DA:37,0
DA:38,0
DA:40,0
DA:45,0
DA:46,0
DA:48,0
DA:49,0
DA:57,0
DA:58,0
DA:59,0
DA:60,0
DA:61,0
DA:64,0
DA:67,1
DA:68,0
DA:71,0
DA:72,0
DA:77,0
DA:80,1
DA:81,0
DA:84,0
DA:85,0
DA:91,1
DA:92,0
DA:93,0
DA:94,0
DA:95,0
DA:103,0
DA:107,0
DA:109,0
DA:110,0
DA:113,0
DA:115,0
DA:119,0
DA:120,0
DA:124,0
LF:56
LH:6
BRDA:10,0,0,0
BRDA:10,0,1,0
BRDA:10,1,0,0
BRDA:10,1,1,0
BRDA:46,2,0,0
BRDA:46,2,1,0
BRDA:46,3,0,0
BRDA:46,3,1,0
BRDA:68,4,0,0
BRDA:68,4,1,0
BRDA:68,5,0,0
BRDA:68,5,1,0
BRDA:81,6,0,0
BRDA:81,6,1,0
BRDA:81,7,0,0
BRDA:81,7,1,0
BRDA:92,8,0,0
BRDA:92,8,1,0
BRDA:92,9,0,0
BRDA:92,9,1,0
BRDA:103,10,0,0
BRDA:103,10,1,0
BRDA:107,11,0,0
BRDA:107,11,1,0
BRDA:109,12,0,0
BRDA:109,12,1,0
BRDA:109,13,0,0
BRDA:109,13,1,0
BRDA:119,14,0,0
BRDA:119,14,1,0
BRDA:119,15,0,0
BRDA:119,15,1,0
BRF:32
BRH:0
end_of_record
TN:
SF:src/services/crypto.js
FN:2,(anonymous_0)
FN:3,(anonymous_1)
FN:3,(anonymous_2)
FN:9,getAesKey
FN:21,(anonymous_4)
FN:24,encryptJSON
FN:38,decryptJSON
FNF:7
FNH:0
FNDA:0,(anonymous_0)
FNDA:0,(anonymous_1)
FNDA:0,(anonymous_2)
FNDA:0,getAesKey
FNDA:0,(anonymous_4)
FNDA:0,encryptJSON
FNDA:0,decryptJSON
DA:2,2
DA:3,2
DA:6,2
DA:10,0
DA:11,0
DA:21,2
DA:25,0
DA:26,0
DA:27,0
DA:28,0
DA:30,0
DA:39,0
DA:42,0
DA:44,0
DA:45,0
DA:46,0
DA:48,0
DA:54,0
LF:18
LH:4
BRDA:42,0,0,0
BRDA:42,0,1,0
BRF:2
BRH:0
end_of_record
